2025-11-17T09:00:00Z | job=security | step=Build artifacts | ERROR: Tests failed: AssertionError.
2025-11-17T09:00:03Z | job=analysis | step=CodeQL analyze | INFO: Dependencies installed.
2025-11-17T09:00:06Z | job=deploy | step=CodeQL analyze | WARN: Deprecated API usage detected.
2025-11-17T09:00:09Z | job=docs | step=Install dependencies | INFO: Starting process...
2025-11-17T09:00:12Z | job=security | step=Run go build | WARN: Deprecated API usage detected.
2025-11-17T09:00:15Z | job=infra | step=Set up Node.js | INFO: Dependencies installed.
2025-11-17T09:00:18Z | job=docs | step=Upload artifact | INFO: Dependencies installed.
2025-11-17T09:00:21Z | job=security | step=Run go build | INFO: Service started.
2025-11-17T09:00:24Z | job=infra | step=Run Trivy scan | ERROR: Upload timeout.
2025-11-17T09:00:27Z | job=docs | step=Notify team | WARN: Slow response time observed.
2025-11-17T09:00:30Z | job=integration | step=Set up Go | WARN: Deprecated API usage detected.
2025-11-17T09:00:33Z | job=checks | step=Set up Python | INFO: Operation completed.
2025-11-17T09:00:36Z | job=build | step=Set up Python | WARN: Low disk space on runner.
2025-11-17T09:00:39Z | job=deploy | step=Retry upload | INFO: Operation completed.
2025-11-17T09:00:42Z | job=deploy | step=Authenticate to cloud | WARN: Deprecated API usage detected.
2025-11-17T09:00:45Z | job=integration | step=Build artifacts | INFO: Dependencies installed.
2025-11-17T09:00:48Z | job=package | step=Checkout code | WARN: Low disk space on runner.
2025-11-17T09:00:51Z | job=checks | step=Checkout code | INFO: Dependencies installed.
2025-11-17T09:00:54Z | job=package | step=Set up Go | INFO: Dependencies installed.
2025-11-17T09:00:57Z | job=security | step=Start services | WARN: Minor security warnings found.
2025-11-17T09:01:00Z | job=analysis | step=Set up Node.js | WARN: Minor security warnings found.
2025-11-17T09:01:03Z | job=infra | step=Set up Node.js | INFO: Service started.
2025-11-17T09:01:06Z | job=security | step=Set up Python | INFO: Operation completed.
2025-11-17T09:01:09Z | job=build | step=CodeQL analyze | ERROR: Critical vulnerability detected.
2025-11-17T09:01:12Z | job=infra | step=Build artifacts | INFO: Service started.
2025-11-17T09:01:15Z | job=package | step=Run go build | ERROR: Build failed: missing symbol.
2025-11-17T09:01:18Z | job=docs | step=CodeQL analyze | ERROR: Upload timeout.
2025-11-17T09:01:21Z | job=checks | step=Notify team | INFO: All tests passed.
2025-11-17T09:01:24Z | job=infra | step=Set up Python | ERROR: Service crashed unexpectedly.
2025-11-17T09:01:27Z | job=security | step=Run secrets scan | WARN: Deprecated API usage detected.
2025-11-17T09:01:30Z | job=checks | step=Install dependencies | INFO: Service started.
2025-11-17T09:01:33Z | job=integration | step=Build docs | INFO: Dependencies installed.
2025-11-17T09:01:36Z | job=checks | step=Set up Node.js | ERROR: Tests failed: AssertionError.
2025-11-17T09:01:39Z | job=deploy | step=Set up Node.js | WARN: Deprecated API usage detected.
2025-11-17T09:01:42Z | job=deploy | step=Run lint | ERROR: Tests failed: AssertionError.
2025-11-17T09:01:45Z | job=package | step=Upload artifact | ERROR: Tests failed: AssertionError.
2025-11-17T09:01:48Z | job=security | step=Authenticate to cloud | INFO: Starting process...
2025-11-17T09:01:51Z | job=build | step=Set up Go | WARN: Deprecated API usage detected.
2025-11-17T09:01:54Z | job=analysis | step=Run go build | ERROR: Tests failed: AssertionError.
2025-11-17T09:01:57Z | job=analysis | step=CodeQL analyze | WARN: Deprecated API usage detected.
2025-11-17T09:02:00Z | job=deploy | step=Run tests | INFO: Service started.
2025-11-17T09:02:03Z | job=analysis | step=Static analysis | INFO: No issues detected.
2025-11-17T09:02:06Z | job=integration | step=Authenticate to cloud | WARN: Deprecated API usage detected.
2025-11-17T09:02:09Z | job=package | step=CodeQL analyze | WARN: Low disk space on runner.
2025-11-17T09:02:12Z | job=build | step=CodeQL analyze | ERROR: Upload timeout.
2025-11-17T09:02:15Z | job=checks | step=Run tests | ERROR: Upload timeout.
2025-11-17T09:02:18Z | job=security | step=Notify team | INFO: Starting process...
2025-11-17T09:02:21Z | job=test | step=CodeQL analyze | WARN: Deprecated API usage detected.
2025-11-17T09:02:24Z | job=checks | step=Retry upload | ERROR: Build failed: missing symbol.
2025-11-17T09:02:27Z | job=docs | step=Retry upload | ERROR: Tests failed: AssertionError.
2025-11-17T09:02:30Z | job=package | step=Set up Node.js | WARN: Low disk space on runner.
2025-11-17T09:02:33Z | job=build | step=Set up Node.js | WARN: Deprecated API usage detected.
2025-11-17T09:02:36Z | job=test | step=Install dependencies | WARN: Deprecated API usage detected.
2025-11-17T09:02:39Z | job=test | step=Set up Node.js | WARN: Minor security warnings found.
2025-11-17T09:02:42Z | job=test | step=Static analysis | WARN: Low disk space on runner.
2025-11-17T09:02:45Z | job=package | step=CodeQL analyze | INFO: No issues detected.
2025-11-17T09:02:48Z | job=docs | step=Run integration tests | INFO: Starting process...
2025-11-17T09:02:51Z | job=package | step=Build docs | INFO: All tests passed.
2025-11-17T09:02:54Z | job=docs | step=Build artifacts | ERROR: Service crashed unexpectedly.
2025-11-17T09:02:57Z | job=build | step=Run secrets scan | ERROR: Critical vulnerability detected.
2025-11-17T09:03:00Z | job=checks | step=Run Trivy scan | WARN: Deprecated API usage detected.
2025-11-17T09:03:03Z | job=package | step=Checkout code | ERROR: Upload timeout.
2025-11-17T09:03:06Z | job=docs | step=Start services | ERROR: Build failed: missing symbol.
2025-11-17T09:03:09Z | job=deploy | step=Set up Node.js | WARN: Minor security warnings found.
2025-11-17T09:03:12Z | job=docs | step=Set up Node.js | INFO: Dependencies installed.
2025-11-17T09:03:15Z | job=checks | step=CodeQL analyze | INFO: Dependencies installed.
2025-11-17T09:03:18Z | job=test | step=CodeQL analyze | INFO: Starting process...
2025-11-17T09:03:21Z | job=package | step=Run go build | ERROR: Build failed: missing symbol.
2025-11-17T09:03:24Z | job=docs | step=Static analysis | ERROR: Build failed: missing symbol.
2025-11-17T09:03:27Z | job=security | step=Run Trivy scan | ERROR: Build failed: missing symbol.
2025-11-17T09:03:30Z | job=deploy | step=Run lint | WARN: Minor security warnings found.
2025-11-17T09:03:33Z | job=test | step=Set up Go | WARN: Deprecated API usage detected.
2025-11-17T09:03:36Z | job=checks | step=Retry upload | WARN: Deprecated API usage detected.
2025-11-17T09:03:39Z | job=package | step=Checkout code | WARN: Low disk space on runner.
2025-11-17T09:03:42Z | job=test | step=Start services | INFO: All tests passed.
2025-11-17T09:03:45Z | job=package | step=Upload artifact | WARN: Slow response time observed.
2025-11-17T09:03:48Z | job=build | step=Static analysis | INFO: No issues detected.
2025-11-17T09:03:51Z | job=package | step=Set up Go | WARN: Low disk space on runner.
2025-11-17T09:03:54Z | job=test | step=Run integration tests | WARN: Slow response time observed.
2025-11-17T09:03:57Z | job=test | step=Run integration tests | INFO: No issues detected.
2025-11-17T09:04:00Z | job=docs | step=Run secrets scan | WARN: Slow response time observed.
2025-11-17T09:04:03Z | job=deploy | step=Set up Python | WARN: Deprecated API usage detected.
2025-11-17T09:04:06Z | job=deploy | step=Static analysis | WARN: Deprecated API usage detected.
2025-11-17T09:04:09Z | job=infra | step=Static analysis | ERROR: Build failed: missing symbol.
2025-11-17T09:04:12Z | job=docs | step=Run lint | ERROR: Critical vulnerability detected.
2025-11-17T09:04:15Z | job=security | step=Run secrets scan | WARN: Minor security warnings found.
2025-11-17T09:04:18Z | job=security | step=Static analysis | ERROR: Tests failed: AssertionError.
2025-11-17T09:04:21Z | job=package | step=Run Trivy scan | ERROR: Critical vulnerability detected.
2025-11-17T09:04:24Z | job=analysis | step=Build docs | ERROR: Service crashed unexpectedly.
2025-11-17T09:04:27Z | job=security | step=Set up Go | ERROR: Service crashed unexpectedly.
2025-11-17T09:04:30Z | job=integration | step=Upload artifact | ERROR: Service crashed unexpectedly.
2025-11-17T09:04:33Z | job=security | step=Authenticate to cloud | ERROR: Service crashed unexpectedly.
2025-11-17T09:04:36Z | job=analysis | step=Run go build | ERROR: Upload timeout.
2025-11-17T09:04:39Z | job=test | step=Checkout code | INFO: Service started.
2025-11-17T09:04:42Z | job=package | step=Static analysis | WARN: Low disk space on runner.
2025-11-17T09:04:45Z | job=deploy | step=Authenticate to cloud | INFO: Starting process...
2025-11-17T09:04:48Z | job=package | step=Static analysis | ERROR: Service crashed unexpectedly.
2025-11-17T09:04:51Z | job=deploy | step=Run go build | WARN: Slow response time observed.
2025-11-17T09:04:54Z | job=checks | step=Run lint | ERROR: Tests failed: AssertionError.
2025-11-17T09:04:57Z | job=docs | step=Run integration tests | ERROR: Service crashed unexpectedly.